{"@timestamp":"2026-05-21T12:34:20.585-03:00","@version":"1","message":"HikariPool-1 - Starting...","logger_name":"com.zaxxer.hikari.HikariDataSource","thread_name":"main","level":"INFO","level_value":20000}
{"@timestamp":"2026-05-21T12:34:20.648-03:00","@version":"1","message":"HikariPool-1 - Start completed.","logger_name":"com.zaxxer.hikari.HikariDataSource","thread_name":"main","level":"INFO","level_value":20000}
{"@timestamp":"2026-05-21T12:34:21.598-03:00","@version":"1","message":"spring.jpa.open-in-view is enabled by default. Therefore, database queries may be performed during view rendering. Explicitly configure spring.jpa.open-in-view to disable this warning","logger_name":"org.springframework.boot.autoconfigure.orm.jpa.JpaBaseConfiguration$JpaWebConfiguration","thread_name":"main","level":"WARN","level_value":30000}
{"@timestamp":"2026-05-21T12:34:21.611-03:00","@version":"1","message":"Unable to create an RSA verifier from verifierKey (ignoreable if using MAC)","logger_name":"org.springframework.security.oauth2.provider.token.store.JwtAccessTokenConverter","thread_name":"main","level":"WARN","level_value":30000}
{"@timestamp":"2026-05-21T12:36:01.240-03:00","@version":"1","message":"HikariPool-1 - Shutdown initiated...","logger_name":"com.zaxxer.hikari.HikariDataSource","thread_name":"SpringContextShutdownHook","level":"INFO","level_value":20000}
{"@timestamp":"2026-05-21T12:36:01.241-03:00","@version":"1","message":"HikariPool-1 - Shutdown completed.","logger_name":"com.zaxxer.hikari.HikariDataSource","thread_name":"SpringContextShutdownHook","level":"INFO","level_value":20000}
{"@timestamp":"2026-05-21T12:48:12.099-03:00","@version":"1","message":"HikariPool-1 - Starting...","logger_name":"com.zaxxer.hikari.HikariDataSource","thread_name":"main","level":"INFO","level_value":20000}
{"@timestamp":"2026-05-21T12:48:12.149-03:00","@version":"1","message":"HikariPool-1 - Start completed.","logger_name":"com.zaxxer.hikari.HikariDataSource","thread_name":"main","level":"INFO","level_value":20000}
{"@timestamp":"2026-05-21T12:48:13.159-03:00","@version":"1","message":"spring.jpa.open-in-view is enabled by default. Therefore, database queries may be performed during view rendering. Explicitly configure spring.jpa.open-in-view to disable this warning","logger_name":"org.springframework.boot.autoconfigure.orm.jpa.JpaBaseConfiguration$JpaWebConfiguration","thread_name":"main","level":"WARN","level_value":30000}
{"@timestamp":"2026-05-21T12:48:13.177-03:00","@version":"1","message":"Unable to create an RSA verifier from verifierKey (ignoreable if using MAC)","logger_name":"org.springframework.security.oauth2.provider.token.store.JwtAccessTokenConverter","thread_name":"main","level":"WARN","level_value":30000}
{"@timestamp":"2026-05-21T12:49:46.321-03:00","@version":"1","message":"SQL Error: 23503, SQLState: 23503","logger_name":"org.hibernate.engine.jdbc.spi.SqlExceptionHelper","thread_name":"http-nio-8080-exec-4","level":"WARN","level_value":30000}
{"@timestamp":"2026-05-21T12:49:46.321-03:00","@version":"1","message":"Referential integrity constraint violation: \"FKBNHSKKRCJHABPKNADTX0O146W: PUBLIC.TB_EMPLOYEE FOREIGN KEY(POSITION_ID) REFERENCES PUBLIC.TB_POSITION(ID) (5)\"; SQL statement:\ndelete from tb_position where id=? and version=? [23503-200]","logger_name":"org.hibernate.engine.jdbc.spi.SqlExceptionHelper","thread_name":"http-nio-8080-exec-4","level":"ERROR","level_value":40000}
{"@timestamp":"2026-05-21T12:49:56.309-03:00","@version":"1","message":"SQL Error: 23503, SQLState: 23503","logger_name":"org.hibernate.engine.jdbc.spi.SqlExceptionHelper","thread_name":"http-nio-8080-exec-6","level":"WARN","level_value":30000}
{"@timestamp":"2026-05-21T12:49:56.310-03:00","@version":"1","message":"Referential integrity constraint violation: \"FKBNHSKKRCJHABPKNADTX0O146W: PUBLIC.TB_EMPLOYEE FOREIGN KEY(POSITION_ID) REFERENCES PUBLIC.TB_POSITION(ID) (5)\"; SQL statement:\ndelete from tb_position where id=? and version=? [23503-200]","logger_name":"org.hibernate.engine.jdbc.spi.SqlExceptionHelper","thread_name":"http-nio-8080-exec-6","level":"ERROR","level_value":40000}
{"@timestamp":"2026-05-21T12:50:09.659-03:00","@version":"1","message":"SQL Error: 23503, SQLState: 23503","logger_name":"org.hibernate.engine.jdbc.spi.SqlExceptionHelper","thread_name":"http-nio-8080-exec-7","level":"WARN","level_value":30000}
{"@timestamp":"2026-05-21T12:50:09.659-03:00","@version":"1","message":"Referential integrity constraint violation: \"FKBNHSKKRCJHABPKNADTX0O146W: PUBLIC.TB_EMPLOYEE FOREIGN KEY(POSITION_ID) REFERENCES PUBLIC.TB_POSITION(ID) (3)\"; SQL statement:\ndelete from tb_position where id=? and version=? [23503-200]","logger_name":"org.hibernate.engine.jdbc.spi.SqlExceptionHelper","thread_name":"http-nio-8080-exec-7","level":"ERROR","level_value":40000}
{"@timestamp":"2026-05-21T12:50:53.651-03:00","@version":"1","message":"HikariPool-1 - Shutdown initiated...","logger_name":"com.zaxxer.hikari.HikariDataSource","thread_name":"SpringContextShutdownHook","level":"INFO","level_value":20000}
{"@timestamp":"2026-05-21T12:50:53.652-03:00","@version":"1","message":"HikariPool-1 - Shutdown completed.","logger_name":"com.zaxxer.hikari.HikariDataSource","thread_name":"SpringContextShutdownHook","level":"INFO","level_value":20000}
{"@timestamp":"2026-05-21T12:51:12.637-03:00","@version":"1","message":"HikariPool-1 - Starting...","logger_name":"com.zaxxer.hikari.HikariDataSource","thread_name":"main","level":"INFO","level_value":20000}
{"@timestamp":"2026-05-21T12:51:12.700-03:00","@version":"1","message":"HikariPool-1 - Start completed.","logger_name":"com.zaxxer.hikari.HikariDataSource","thread_name":"main","level":"INFO","level_value":20000}
{"@timestamp":"2026-05-21T12:51:13.675-03:00","@version":"1","message":"spring.jpa.open-in-view is enabled by default. Therefore, database queries may be performed during view rendering. Explicitly configure spring.jpa.open-in-view to disable this warning","logger_name":"org.springframework.boot.autoconfigure.orm.jpa.JpaBaseConfiguration$JpaWebConfiguration","thread_name":"main","level":"WARN","level_value":30000}
{"@timestamp":"2026-05-21T12:51:13.688-03:00","@version":"1","message":"Unable to create an RSA verifier from verifierKey (ignoreable if using MAC)","logger_name":"org.springframework.security.oauth2.provider.token.store.JwtAccessTokenConverter","thread_name":"main","level":"WARN","level_value":30000}
{"@timestamp":"2026-05-21T12:56:27.028-03:00","@version":"1","message":"HikariPool-1 - Shutdown initiated...","logger_name":"com.zaxxer.hikari.HikariDataSource","thread_name":"SpringContextShutdownHook","level":"INFO","level_value":20000}
{"@timestamp":"2026-05-21T12:56:27.029-03:00","@version":"1","message":"HikariPool-1 - Shutdown completed.","logger_name":"com.zaxxer.hikari.HikariDataSource","thread_name":"SpringContextShutdownHook","level":"INFO","level_value":20000}
{"@timestamp":"2026-05-21T13:00:52.679-03:00","@version":"1","message":"HikariPool-1 - Starting...","logger_name":"com.zaxxer.hikari.HikariDataSource","thread_name":"main","level":"INFO","level_value":20000}
{"@timestamp":"2026-05-21T13:00:52.733-03:00","@version":"1","message":"HikariPool-1 - Start completed.","logger_name":"com.zaxxer.hikari.HikariDataSource","thread_name":"main","level":"INFO","level_value":20000}
{"@timestamp":"2026-05-21T13:00:53.682-03:00","@version":"1","message":"spring.jpa.open-in-view is enabled by default. Therefore, database queries may be performed during view rendering. Explicitly configure spring.jpa.open-in-view to disable this warning","logger_name":"org.springframework.boot.autoconfigure.orm.jpa.JpaBaseConfiguration$JpaWebConfiguration","thread_name":"main","level":"WARN","level_value":30000}
{"@timestamp":"2026-05-21T13:00:53.696-03:00","@version":"1","message":"Unable to create an RSA verifier from verifierKey (ignoreable if using MAC)","logger_name":"org.springframework.security.oauth2.provider.token.store.JwtAccessTokenConverter","thread_name":"main","level":"WARN","level_value":30000}
{"@timestamp":"2026-05-21T19:43:24.971-03:00","@version":"1","message":"HikariPool-1 - Shutdown initiated...","logger_name":"com.zaxxer.hikari.HikariDataSource","thread_name":"SpringContextShutdownHook","level":"INFO","level_value":20000}
{"@timestamp":"2026-05-21T19:43:24.974-03:00","@version":"1","message":"HikariPool-1 - Shutdown completed.","logger_name":"com.zaxxer.hikari.HikariDataSource","thread_name":"SpringContextShutdownHook","level":"INFO","level_value":20000}
{"@timestamp":"2026-05-21T20:06:03.042-03:00","@version":"1","message":"HikariPool-1 - Starting...","logger_name":"com.zaxxer.hikari.HikariDataSource","thread_name":"main","level":"INFO","level_value":20000}
{"@timestamp":"2026-05-21T20:06:03.095-03:00","@version":"1","message":"HikariPool-1 - Start completed.","logger_name":"com.zaxxer.hikari.HikariDataSource","thread_name":"main","level":"INFO","level_value":20000}
{"@timestamp":"2026-05-21T20:06:04.027-03:00","@version":"1","message":"spring.jpa.open-in-view is enabled by default. Therefore, database queries may be performed during view rendering. Explicitly configure spring.jpa.open-in-view to disable this warning","logger_name":"org.springframework.boot.autoconfigure.orm.jpa.JpaBaseConfiguration$JpaWebConfiguration","thread_name":"main","level":"WARN","level_value":30000}
{"@timestamp":"2026-05-21T20:06:04.041-03:00","@version":"1","message":"Unable to create an RSA verifier from verifierKey (ignoreable if using MAC)","logger_name":"org.springframework.security.oauth2.provider.token.store.JwtAccessTokenConverter","thread_name":"main","level":"WARN","level_value":30000}
{"@timestamp":"2026-05-21T20:25:06.264-03:00","@version":"1","message":"HikariPool-1 - Shutdown initiated...","logger_name":"com.zaxxer.hikari.HikariDataSource","thread_name":"SpringContextShutdownHook","level":"INFO","level_value":20000}
{"@timestamp":"2026-05-21T20:25:06.267-03:00","@version":"1","message":"HikariPool-1 - Shutdown completed.","logger_name":"com.zaxxer.hikari.HikariDataSource","thread_name":"SpringContextShutdownHook","level":"INFO","level_value":20000}
{"@timestamp":"2026-05-25T10:01:54.562-03:00","@version":"1","message":"HikariPool-1 - Starting...","logger_name":"com.zaxxer.hikari.HikariDataSource","thread_name":"main","level":"INFO","level_value":20000}
{"@timestamp":"2026-05-25T10:01:54.617-03:00","@version":"1","message":"HikariPool-1 - Start completed.","logger_name":"com.zaxxer.hikari.HikariDataSource","thread_name":"main","level":"INFO","level_value":20000}
{"@timestamp":"2026-05-25T10:01:55.599-03:00","@version":"1","message":"spring.jpa.open-in-view is enabled by default. Therefore, database queries may be performed during view rendering. Explicitly configure spring.jpa.open-in-view to disable this warning","logger_name":"org.springframework.boot.autoconfigure.orm.jpa.JpaBaseConfiguration$JpaWebConfiguration","thread_name":"main","level":"WARN","level_value":30000}
{"@timestamp":"2026-05-25T10:01:55.613-03:00","@version":"1","message":"Unable to create an RSA verifier from verifierKey (ignoreable if using MAC)","logger_name":"org.springframework.security.oauth2.provider.token.store.JwtAccessTokenConverter","thread_name":"main","level":"WARN","level_value":30000}
{"@timestamp":"2026-05-25T10:02:12.162-03:00","@version":"1","message":"HikariPool-1 - Shutdown initiated...","logger_name":"com.zaxxer.hikari.HikariDataSource","thread_name":"SpringContextShutdownHook","level":"INFO","level_value":20000}
{"@timestamp":"2026-05-25T10:02:12.164-03:00","@version":"1","message":"HikariPool-1 - Shutdown completed.","logger_name":"com.zaxxer.hikari.HikariDataSource","thread_name":"SpringContextShutdownHook","level":"INFO","level_value":20000}
{"@timestamp":"2026-05-25T10:14:04.591-03:00","@version":"1","message":"HikariPool-1 - Starting...","logger_name":"com.zaxxer.hikari.HikariDataSource","thread_name":"main","level":"INFO","level_value":20000}
{"@timestamp":"2026-05-25T10:14:04.657-03:00","@version":"1","message":"HikariPool-1 - Start completed.","logger_name":"com.zaxxer.hikari.HikariDataSource","thread_name":"main","level":"INFO","level_value":20000}
{"@timestamp":"2026-05-25T10:14:05.763-03:00","@version":"1","message":"spring.jpa.open-in-view is enabled by default. Therefore, database queries may be performed during view rendering. Explicitly configure spring.jpa.open-in-view to disable this warning","logger_name":"org.springframework.boot.autoconfigure.orm.jpa.JpaBaseConfiguration$JpaWebConfiguration","thread_name":"main","level":"WARN","level_value":30000}
{"@timestamp":"2026-05-25T10:14:05.780-03:00","@version":"1","message":"Unable to create an RSA verifier from verifierKey (ignoreable if using MAC)","logger_name":"org.springframework.security.oauth2.provider.token.store.JwtAccessTokenConverter","thread_name":"main","level":"WARN","level_value":30000}
{"@timestamp":"2026-05-25T10:17:27.176-03:00","@version":"1","message":"HikariPool-1 - Shutdown initiated...","logger_name":"com.zaxxer.hikari.HikariDataSource","thread_name":"SpringContextShutdownHook","level":"INFO","level_value":20000}
{"@timestamp":"2026-05-25T10:17:27.179-03:00","@version":"1","message":"HikariPool-1 - Shutdown completed.","logger_name":"com.zaxxer.hikari.HikariDataSource","thread_name":"SpringContextShutdownHook","level":"INFO","level_value":20000}
{"@timestamp":"2026-05-25T10:17:33.417-03:00","@version":"1","message":"HikariPool-1 - Starting...","logger_name":"com.zaxxer.hikari.HikariDataSource","thread_name":"main","level":"INFO","level_value":20000}
{"@timestamp":"2026-05-25T10:17:33.489-03:00","@version":"1","message":"HikariPool-1 - Start completed.","logger_name":"com.zaxxer.hikari.HikariDataSource","thread_name":"main","level":"INFO","level_value":20000}
{"@timestamp":"2026-05-25T10:17:34.754-03:00","@version":"1","message":"spring.jpa.open-in-view is enabled by default. Therefore, database queries may be performed during view rendering. Explicitly configure spring.jpa.open-in-view to disable this warning","logger_name":"org.springframework.boot.autoconfigure.orm.jpa.JpaBaseConfiguration$JpaWebConfiguration","thread_name":"main","level":"WARN","level_value":30000}
{"@timestamp":"2026-05-25T10:17:34.775-03:00","@version":"1","message":"Unable to create an RSA verifier from verifierKey (ignoreable if using MAC)","logger_name":"org.springframework.security.oauth2.provider.token.store.JwtAccessTokenConverter","thread_name":"main","level":"WARN","level_value":30000}
{"@timestamp":"2026-05-25T10:26:27.101-03:00","@version":"1","message":"HikariPool-1 - Shutdown initiated...","logger_name":"com.zaxxer.hikari.HikariDataSource","thread_name":"SpringContextShutdownHook","level":"INFO","level_value":20000}
{"@timestamp":"2026-05-25T10:26:27.104-03:00","@version":"1","message":"HikariPool-1 - Shutdown completed.","logger_name":"com.zaxxer.hikari.HikariDataSource","thread_name":"SpringContextShutdownHook","level":"INFO","level_value":20000}
{"@timestamp":"2026-05-25T11:25:33.500-03:00","@version":"1","message":"HikariPool-1 - Starting...","logger_name":"com.zaxxer.hikari.HikariDataSource","thread_name":"main","level":"INFO","level_value":20000}
{"@timestamp":"2026-05-25T11:25:33.564-03:00","@version":"1","message":"HikariPool-1 - Start completed.","logger_name":"com.zaxxer.hikari.HikariDataSource","thread_name":"main","level":"INFO","level_value":20000}
{"@timestamp":"2026-05-25T11:25:34.714-03:00","@version":"1","message":"spring.jpa.open-in-view is enabled by default. Therefore, database queries may be performed during view rendering. Explicitly configure spring.jpa.open-in-view to disable this warning","logger_name":"org.springframework.boot.autoconfigure.orm.jpa.JpaBaseConfiguration$JpaWebConfiguration","thread_name":"main","level":"WARN","level_value":30000}
{"@timestamp":"2026-05-25T11:25:34.733-03:00","@version":"1","message":"Unable to create an RSA verifier from verifierKey (ignoreable if using MAC)","logger_name":"org.springframework.security.oauth2.provider.token.store.JwtAccessTokenConverter","thread_name":"main","level":"WARN","level_value":30000}
{"@timestamp":"2026-05-25T11:38:39.380-03:00","@version":"1","message":"HikariPool-1 - Shutdown initiated...","logger_name":"com.zaxxer.hikari.HikariDataSource","thread_name":"SpringContextShutdownHook","level":"INFO","level_value":20000}
{"@timestamp":"2026-05-25T11:38:39.382-03:00","@version":"1","message":"HikariPool-1 - Shutdown completed.","logger_name":"com.zaxxer.hikari.HikariDataSource","thread_name":"SpringContextShutdownHook","level":"INFO","level_value":20000}
{"@timestamp":"2026-05-25T11:38:47.912-03:00","@version":"1","message":"HikariPool-1 - Starting...","logger_name":"com.zaxxer.hikari.HikariDataSource","thread_name":"main","level":"INFO","level_value":20000}
{"@timestamp":"2026-05-25T11:38:47.981-03:00","@version":"1","message":"HikariPool-1 - Start completed.","logger_name":"com.zaxxer.hikari.HikariDataSource","thread_name":"main","level":"INFO","level_value":20000}
{"@timestamp":"2026-05-25T11:38:49.120-03:00","@version":"1","message":"spring.jpa.open-in-view is enabled by default. Therefore, database queries may be performed during view rendering. Explicitly configure spring.jpa.open-in-view to disable this warning","logger_name":"org.springframework.boot.autoconfigure.orm.jpa.JpaBaseConfiguration$JpaWebConfiguration","thread_name":"main","level":"WARN","level_value":30000}
{"@timestamp":"2026-05-25T11:38:49.139-03:00","@version":"1","message":"Unable to create an RSA verifier from verifierKey (ignoreable if using MAC)","logger_name":"org.springframework.security.oauth2.provider.token.store.JwtAccessTokenConverter","thread_name":"main","level":"WARN","level_value":30000}
{"@timestamp":"2026-05-25T11:42:48.558-03:00","@version":"1","message":"HikariPool-1 - Shutdown initiated...","logger_name":"com.zaxxer.hikari.HikariDataSource","thread_name":"SpringContextShutdownHook","level":"INFO","level_value":20000}
{"@timestamp":"2026-05-25T11:42:48.561-03:00","@version":"1","message":"HikariPool-1 - Shutdown completed.","logger_name":"com.zaxxer.hikari.HikariDataSource","thread_name":"SpringContextShutdownHook","level":"INFO","level_value":20000}
{"@timestamp":"2026-05-25T11:43:57.229-03:00","@version":"1","message":"HikariPool-1 - Starting...","logger_name":"com.zaxxer.hikari.HikariDataSource","thread_name":"main","level":"INFO","level_value":20000}
{"@timestamp":"2026-05-25T11:43:57.300-03:00","@version":"1","message":"HikariPool-1 - Start completed.","logger_name":"com.zaxxer.hikari.HikariDataSource","thread_name":"main","level":"INFO","level_value":20000}
{"@timestamp":"2026-05-25T11:43:58.394-03:00","@version":"1","message":"spring.jpa.open-in-view is enabled by default. Therefore, database queries may be performed during view rendering. Explicitly configure spring.jpa.open-in-view to disable this warning","logger_name":"org.springframework.boot.autoconfigure.orm.jpa.JpaBaseConfiguration$JpaWebConfiguration","thread_name":"main","level":"WARN","level_value":30000}
{"@timestamp":"2026-05-25T11:43:58.412-03:00","@version":"1","message":"Unable to create an RSA verifier from verifierKey (ignoreable if using MAC)","logger_name":"org.springframework.security.oauth2.provider.token.store.JwtAccessTokenConverter","thread_name":"main","level":"WARN","level_value":30000}
{"@timestamp":"2026-05-25T11:55:28.349-03:00","@version":"1","message":"HikariPool-1 - Shutdown initiated...","logger_name":"com.zaxxer.hikari.HikariDataSource","thread_name":"SpringContextShutdownHook","level":"INFO","level_value":20000}
{"@timestamp":"2026-05-25T11:55:28.351-03:00","@version":"1","message":"HikariPool-1 - Shutdown completed.","logger_name":"com.zaxxer.hikari.HikariDataSource","thread_name":"SpringContextShutdownHook","level":"INFO","level_value":20000}
{"@timestamp":"2026-05-25T11:56:56.101-03:00","@version":"1","message":"HikariPool-1 - Starting...","logger_name":"com.zaxxer.hikari.HikariDataSource","thread_name":"main","level":"INFO","level_value":20000}
{"@timestamp":"2026-05-25T11:56:56.181-03:00","@version":"1","message":"HikariPool-1 - Start completed.","logger_name":"com.zaxxer.hikari.HikariDataSource","thread_name":"main","level":"INFO","level_value":20000}
{"@timestamp":"2026-05-25T11:56:57.364-03:00","@version":"1","message":"spring.jpa.open-in-view is enabled by default. Therefore, database queries may be performed during view rendering. Explicitly configure spring.jpa.open-in-view to disable this warning","logger_name":"org.springframework.boot.autoconfigure.orm.jpa.JpaBaseConfiguration$JpaWebConfiguration","thread_name":"main","level":"WARN","level_value":30000}
{"@timestamp":"2026-05-25T11:56:57.382-03:00","@version":"1","message":"Unable to create an RSA verifier from verifierKey (ignoreable if using MAC)","logger_name":"org.springframework.security.oauth2.provider.token.store.JwtAccessTokenConverter","thread_name":"main","level":"WARN","level_value":30000}
{"@timestamp":"2026-05-25T16:40:52.678-03:00","@version":"1","message":"HikariPool-1 - Shutdown initiated...","logger_name":"com.zaxxer.hikari.HikariDataSource","thread_name":"SpringContextShutdownHook","level":"INFO","level_value":20000}
{"@timestamp":"2026-05-25T16:40:52.680-03:00","@version":"1","message":"HikariPool-1 - Shutdown completed.","logger_name":"com.zaxxer.hikari.HikariDataSource","thread_name":"SpringContextShutdownHook","level":"INFO","level_value":20000}
{"@timestamp":"2026-05-25T17:28:30.797-03:00","@version":"1","message":"HikariPool-1 - Starting...","logger_name":"com.zaxxer.hikari.HikariDataSource","thread_name":"main","level":"INFO","level_value":20000}
{"@timestamp":"2026-05-25T17:28:30.867-03:00","@version":"1","message":"HikariPool-1 - Start completed.","logger_name":"com.zaxxer.hikari.HikariDataSource","thread_name":"main","level":"INFO","level_value":20000}
{"@timestamp":"2026-05-25T17:28:32.045-03:00","@version":"1","message":"spring.jpa.open-in-view is enabled by default. Therefore, database queries may be performed during view rendering. Explicitly configure spring.jpa.open-in-view to disable this warning","logger_name":"org.springframework.boot.autoconfigure.orm.jpa.JpaBaseConfiguration$JpaWebConfiguration","thread_name":"main","level":"WARN","level_value":30000}
{"@timestamp":"2026-05-25T17:28:32.062-03:00","@version":"1","message":"Unable to create an RSA verifier from verifierKey (ignoreable if using MAC)","logger_name":"org.springframework.security.oauth2.provider.token.store.JwtAccessTokenConverter","thread_name":"main","level":"WARN","level_value":30000}
{"@timestamp":"2026-05-27T13:06:50.188-03:00","@version":"1","message":"HikariPool-1 - Shutdown initiated...","logger_name":"com.zaxxer.hikari.HikariDataSource","thread_name":"SpringContextShutdownHook","level":"INFO","level_value":20000}
{"@timestamp":"2026-05-27T13:06:50.191-03:00","@version":"1","message":"HikariPool-1 - Shutdown completed.","logger_name":"com.zaxxer.hikari.HikariDataSource","thread_name":"SpringContextShutdownHook","level":"INFO","level_value":20000}
{"@timestamp":"2026-05-27T13:34:51.558-03:00","@version":"1","message":"HikariPool-1 - Starting...","logger_name":"com.zaxxer.hikari.HikariDataSource","thread_name":"main","level":"INFO","level_value":20000}
{"@timestamp":"2026-05-27T13:34:51.631-03:00","@version":"1","message":"HikariPool-1 - Start completed.","logger_name":"com.zaxxer.hikari.HikariDataSource","thread_name":"main","level":"INFO","level_value":20000}
{"@timestamp":"2026-05-27T13:34:52.954-03:00","@version":"1","message":"spring.jpa.open-in-view is enabled by default. Therefore, database queries may be performed during view rendering. Explicitly configure spring.jpa.open-in-view to disable this warning","logger_name":"org.springframework.boot.autoconfigure.orm.jpa.JpaBaseConfiguration$JpaWebConfiguration","thread_name":"main","level":"WARN","level_value":30000}
{"@timestamp":"2026-05-27T13:34:52.979-03:00","@version":"1","message":"Unable to create an RSA verifier from verifierKey (ignoreable if using MAC)","logger_name":"org.springframework.security.oauth2.provider.token.store.JwtAccessTokenConverter","thread_name":"main","level":"WARN","level_value":30000}
{"@timestamp":"2026-05-27T13:43:01.527-03:00","@version":"1","message":"HikariPool-1 - Shutdown initiated...","logger_name":"com.zaxxer.hikari.HikariDataSource","thread_name":"SpringContextShutdownHook","level":"INFO","level_value":20000}
{"@timestamp":"2026-05-27T13:43:01.529-03:00","@version":"1","message":"HikariPool-1 - Shutdown completed.","logger_name":"com.zaxxer.hikari.HikariDataSource","thread_name":"SpringContextShutdownHook","level":"INFO","level_value":20000}
{"@timestamp":"2026-05-27T14:02:10.205-03:00","@version":"1","message":"HikariPool-1 - Starting...","logger_name":"com.zaxxer.hikari.HikariDataSource","thread_name":"main","level":"INFO","level_value":20000}
{"@timestamp":"2026-05-27T14:02:10.278-03:00","@version":"1","message":"HikariPool-1 - Start completed.","logger_name":"com.zaxxer.hikari.HikariDataSource","thread_name":"main","level":"INFO","level_value":20000}
{"@timestamp":"2026-05-27T14:02:11.448-03:00","@version":"1","message":"spring.jpa.open-in-view is enabled by default. Therefore, database queries may be performed during view rendering. Explicitly configure spring.jpa.open-in-view to disable this warning","logger_name":"org.springframework.boot.autoconfigure.orm.jpa.JpaBaseConfiguration$JpaWebConfiguration","thread_name":"main","level":"WARN","level_value":30000}
{"@timestamp":"2026-05-27T14:02:11.466-03:00","@version":"1","message":"Unable to create an RSA verifier from verifierKey (ignoreable if using MAC)","logger_name":"org.springframework.security.oauth2.provider.token.store.JwtAccessTokenConverter","thread_name":"main","level":"WARN","level_value":30000}
{"@timestamp":"2026-05-27T14:09:25.684-03:00","@version":"1","message":"HikariPool-1 - Shutdown initiated...","logger_name":"com.zaxxer.hikari.HikariDataSource","thread_name":"SpringContextShutdownHook","level":"INFO","level_value":20000}
{"@timestamp":"2026-05-27T14:09:25.686-03:00","@version":"1","message":"HikariPool-1 - Shutdown completed.","logger_name":"com.zaxxer.hikari.HikariDataSource","thread_name":"SpringContextShutdownHook","level":"INFO","level_value":20000}
{"@timestamp":"2026-05-27T14:18:46.473-03:00","@version":"1","message":"HikariPool-1 - Starting...","logger_name":"com.zaxxer.hikari.HikariDataSource","thread_name":"main","level":"INFO","level_value":20000}
{"@timestamp":"2026-05-27T14:18:46.553-03:00","@version":"1","message":"HikariPool-1 - Start completed.","logger_name":"com.zaxxer.hikari.HikariDataSource","thread_name":"main","level":"INFO","level_value":20000}
{"@timestamp":"2026-05-27T14:18:47.653-03:00","@version":"1","message":"spring.jpa.open-in-view is enabled by default. Therefore, database queries may be performed during view rendering. Explicitly configure spring.jpa.open-in-view to disable this warning","logger_name":"org.springframework.boot.autoconfigure.orm.jpa.JpaBaseConfiguration$JpaWebConfiguration","thread_name":"main","level":"WARN","level_value":30000}
{"@timestamp":"2026-05-27T14:18:47.672-03:00","@version":"1","message":"Unable to create an RSA verifier from verifierKey (ignoreable if using MAC)","logger_name":"org.springframework.security.oauth2.provider.token.store.JwtAccessTokenConverter","thread_name":"main","level":"WARN","level_value":30000}
{"@timestamp":"2026-05-27T14:38:31.313-03:00","@version":"1","message":"HikariPool-1 - Shutdown initiated...","logger_name":"com.zaxxer.hikari.HikariDataSource","thread_name":"SpringContextShutdownHook","level":"INFO","level_value":20000}
{"@timestamp":"2026-05-27T14:38:31.315-03:00","@version":"1","message":"HikariPool-1 - Shutdown completed.","logger_name":"com.zaxxer.hikari.HikariDataSource","thread_name":"SpringContextShutdownHook","level":"INFO","level_value":20000}
{"@timestamp":"2026-05-27T14:39:52.926-03:00","@version":"1","message":"HikariPool-1 - Starting...","logger_name":"com.zaxxer.hikari.HikariDataSource","thread_name":"main","level":"INFO","level_value":20000}
{"@timestamp":"2026-05-27T14:39:53.005-03:00","@version":"1","message":"HikariPool-1 - Start completed.","logger_name":"com.zaxxer.hikari.HikariDataSource","thread_name":"main","level":"INFO","level_value":20000}
{"@timestamp":"2026-05-27T14:39:54.097-03:00","@version":"1","message":"spring.jpa.open-in-view is enabled by default. Therefore, database queries may be performed during view rendering. Explicitly configure spring.jpa.open-in-view to disable this warning","logger_name":"org.springframework.boot.autoconfigure.orm.jpa.JpaBaseConfiguration$JpaWebConfiguration","thread_name":"main","level":"WARN","level_value":30000}
{"@timestamp":"2026-05-27T14:39:54.114-03:00","@version":"1","message":"Unable to create an RSA verifier from verifierKey (ignoreable if using MAC)","logger_name":"org.springframework.security.oauth2.provider.token.store.JwtAccessTokenConverter","thread_name":"main","level":"WARN","level_value":30000}
{"@timestamp":"2026-05-27T16:03:42.254-03:00","@version":"1","message":"HikariPool-1 - Shutdown initiated...","logger_name":"com.zaxxer.hikari.HikariDataSource","thread_name":"SpringContextShutdownHook","level":"INFO","level_value":20000}
{"@timestamp":"2026-05-27T16:03:42.256-03:00","@version":"1","message":"HikariPool-1 - Shutdown completed.","logger_name":"com.zaxxer.hikari.HikariDataSource","thread_name":"SpringContextShutdownHook","level":"INFO","level_value":20000}
{"@timestamp":"2026-05-27T16:43:11.124-03:00","@version":"1","message":"HikariPool-1 - Starting...","logger_name":"com.zaxxer.hikari.HikariDataSource","thread_name":"main","level":"INFO","level_value":20000}
{"@timestamp":"2026-05-27T16:43:11.192-03:00","@version":"1","message":"HikariPool-1 - Start completed.","logger_name":"com.zaxxer.hikari.HikariDataSource","thread_name":"main","level":"INFO","level_value":20000}
{"@timestamp":"2026-05-27T16:43:12.406-03:00","@version":"1","message":"spring.jpa.open-in-view is enabled by default. Therefore, database queries may be performed during view rendering. Explicitly configure spring.jpa.open-in-view to disable this warning","logger_name":"org.springframework.boot.autoconfigure.orm.jpa.JpaBaseConfiguration$JpaWebConfiguration","thread_name":"main","level":"WARN","level_value":30000}
{"@timestamp":"2026-05-27T16:43:12.425-03:00","@version":"1","message":"Unable to create an RSA verifier from verifierKey (ignoreable if using MAC)","logger_name":"org.springframework.security.oauth2.provider.token.store.JwtAccessTokenConverter","thread_name":"main","level":"WARN","level_value":30000}
{"@timestamp":"2026-05-27T16:46:34.376-03:00","@version":"1","message":"HikariPool-1 - Shutdown initiated...","logger_name":"com.zaxxer.hikari.HikariDataSource","thread_name":"SpringContextShutdownHook","level":"INFO","level_value":20000}
{"@timestamp":"2026-05-27T16:46:34.378-03:00","@version":"1","message":"HikariPool-1 - Shutdown completed.","logger_name":"com.zaxxer.hikari.HikariDataSource","thread_name":"SpringContextShutdownHook","level":"INFO","level_value":20000}
{"@timestamp":"2026-05-27T16:55:47.322-03:00","@version":"1","message":"HikariPool-1 - Starting...","logger_name":"com.zaxxer.hikari.HikariDataSource","thread_name":"main","level":"INFO","level_value":20000}
{"@timestamp":"2026-05-27T16:55:47.399-03:00","@version":"1","message":"HikariPool-1 - Start completed.","logger_name":"com.zaxxer.hikari.HikariDataSource","thread_name":"main","level":"INFO","level_value":20000}
{"@timestamp":"2026-05-27T16:55:48.754-03:00","@version":"1","message":"spring.jpa.open-in-view is enabled by default. Therefore, database queries may be performed during view rendering. Explicitly configure spring.jpa.open-in-view to disable this warning","logger_name":"org.springframework.boot.autoconfigure.orm.jpa.JpaBaseConfiguration$JpaWebConfiguration","thread_name":"main","level":"WARN","level_value":30000}
{"@timestamp":"2026-05-27T16:55:48.773-03:00","@version":"1","message":"Unable to create an RSA verifier from verifierKey (ignoreable if using MAC)","logger_name":"org.springframework.security.oauth2.provider.token.store.JwtAccessTokenConverter","thread_name":"main","level":"WARN","level_value":30000}
{"@timestamp":"2026-05-27T17:08:57.975-03:00","@version":"1","message":"HikariPool-1 - Shutdown initiated...","logger_name":"com.zaxxer.hikari.HikariDataSource","thread_name":"SpringContextShutdownHook","level":"INFO","level_value":20000}
{"@timestamp":"2026-05-27T17:08:57.977-03:00","@version":"1","message":"HikariPool-1 - Shutdown completed.","logger_name":"com.zaxxer.hikari.HikariDataSource","thread_name":"SpringContextShutdownHook","level":"INFO","level_value":20000}
{"@timestamp":"2026-05-27T17:21:46.904-03:00","@version":"1","message":"HikariPool-1 - Starting...","logger_name":"com.zaxxer.hikari.HikariDataSource","thread_name":"main","level":"INFO","level_value":20000}
{"@timestamp":"2026-05-27T17:21:46.978-03:00","@version":"1","message":"HikariPool-1 - Start completed.","logger_name":"com.zaxxer.hikari.HikariDataSource","thread_name":"main","level":"INFO","level_value":20000}
{"@timestamp":"2026-05-27T17:21:48.251-03:00","@version":"1","message":"spring.jpa.open-in-view is enabled by default. Therefore, database queries may be performed during view rendering. Explicitly configure spring.jpa.open-in-view to disable this warning","logger_name":"org.springframework.boot.autoconfigure.orm.jpa.JpaBaseConfiguration$JpaWebConfiguration","thread_name":"main","level":"WARN","level_value":30000}
{"@timestamp":"2026-05-27T17:21:48.271-03:00","@version":"1","message":"Unable to create an RSA verifier from verifierKey (ignoreable if using MAC)","logger_name":"org.springframework.security.oauth2.provider.token.store.JwtAccessTokenConverter","thread_name":"main","level":"WARN","level_value":30000}
{"@timestamp":"2026-05-27T17:44:35.046-03:00","@version":"1","message":"HikariPool-1 - Shutdown initiated...","logger_name":"com.zaxxer.hikari.HikariDataSource","thread_name":"SpringContextShutdownHook","level":"INFO","level_value":20000}
{"@timestamp":"2026-05-27T17:44:35.060-03:00","@version":"1","message":"HikariPool-1 - Shutdown completed.","logger_name":"com.zaxxer.hikari.HikariDataSource","thread_name":"SpringContextShutdownHook","level":"INFO","level_value":20000}
{"@timestamp":"2026-05-27T18:08:12.205-03:00","@version":"1","message":"HikariPool-1 - Starting...","logger_name":"com.zaxxer.hikari.HikariDataSource","thread_name":"main","level":"INFO","level_value":20000}
{"@timestamp":"2026-05-27T18:08:12.473-03:00","@version":"1","message":"HikariPool-1 - Start completed.","logger_name":"com.zaxxer.hikari.HikariDataSource","thread_name":"main","level":"INFO","level_value":20000}
{"@timestamp":"2026-05-27T18:08:14.642-03:00","@version":"1","message":"spring.jpa.open-in-view is enabled by default. Therefore, database queries may be performed during view rendering. Explicitly configure spring.jpa.open-in-view to disable this warning","logger_name":"org.springframework.boot.autoconfigure.orm.jpa.JpaBaseConfiguration$JpaWebConfiguration","thread_name":"main","level":"WARN","level_value":30000}
{"@timestamp":"2026-05-27T18:08:14.662-03:00","@version":"1","message":"Unable to create an RSA verifier from verifierKey (ignoreable if using MAC)","logger_name":"org.springframework.security.oauth2.provider.token.store.JwtAccessTokenConverter","thread_name":"main","level":"WARN","level_value":30000}
{"@timestamp":"2026-05-27T18:10:11.754-03:00","@version":"1","message":"HikariPool-1 - Shutdown initiated...","logger_name":"com.zaxxer.hikari.HikariDataSource","thread_name":"SpringContextShutdownHook","level":"INFO","level_value":20000}
{"@timestamp":"2026-05-27T18:10:11.755-03:00","@version":"1","message":"HikariPool-1 - Shutdown completed.","logger_name":"com.zaxxer.hikari.HikariDataSource","thread_name":"SpringContextShutdownHook","level":"INFO","level_value":20000}
{"@timestamp":"2026-05-27T18:12:49.987-03:00","@version":"1","message":"HikariPool-1 - Starting...","logger_name":"com.zaxxer.hikari.HikariDataSource","thread_name":"main","level":"INFO","level_value":20000}
{"@timestamp":"2026-05-27T18:12:50.060-03:00","@version":"1","message":"HikariPool-1 - Start completed.","logger_name":"com.zaxxer.hikari.HikariDataSource","thread_name":"main","level":"INFO","level_value":20000}
{"@timestamp":"2026-05-27T18:12:51.262-03:00","@version":"1","message":"spring.jpa.open-in-view is enabled by default. Therefore, database queries may be performed during view rendering. Explicitly configure spring.jpa.open-in-view to disable this warning","logger_name":"org.springframework.boot.autoconfigure.orm.jpa.JpaBaseConfiguration$JpaWebConfiguration","thread_name":"main","level":"WARN","level_value":30000}
{"@timestamp":"2026-05-27T18:12:51.282-03:00","@version":"1","message":"Unable to create an RSA verifier from verifierKey (ignoreable if using MAC)","logger_name":"org.springframework.security.oauth2.provider.token.store.JwtAccessTokenConverter","thread_name":"main","level":"WARN","level_value":30000}
{"@timestamp":"2026-05-27T18:15:11.835-03:00","@version":"1","message":"HikariPool-1 - Shutdown initiated...","logger_name":"com.zaxxer.hikari.HikariDataSource","thread_name":"SpringContextShutdownHook","level":"INFO","level_value":20000}
{"@timestamp":"2026-05-27T18:15:11.837-03:00","@version":"1","message":"HikariPool-1 - Shutdown completed.","logger_name":"com.zaxxer.hikari.HikariDataSource","thread_name":"SpringContextShutdownHook","level":"INFO","level_value":20000}
{"@timestamp":"2026-05-27T18:24:29.169-03:00","@version":"1","message":"HikariPool-1 - Starting...","logger_name":"com.zaxxer.hikari.HikariDataSource","thread_name":"main","level":"INFO","level_value":20000}
{"@timestamp":"2026-05-27T18:24:29.243-03:00","@version":"1","message":"HikariPool-1 - Start completed.","logger_name":"com.zaxxer.hikari.HikariDataSource","thread_name":"main","level":"INFO","level_value":20000}
{"@timestamp":"2026-05-27T18:24:30.453-03:00","@version":"1","message":"spring.jpa.open-in-view is enabled by default. Therefore, database queries may be performed during view rendering. Explicitly configure spring.jpa.open-in-view to disable this warning","logger_name":"org.springframework.boot.autoconfigure.orm.jpa.JpaBaseConfiguration$JpaWebConfiguration","thread_name":"main","level":"WARN","level_value":30000}
{"@timestamp":"2026-05-27T18:24:30.474-03:00","@version":"1","message":"Unable to create an RSA verifier from verifierKey (ignoreable if using MAC)","logger_name":"org.springframework.security.oauth2.provider.token.store.JwtAccessTokenConverter","thread_name":"main","level":"WARN","level_value":30000}
{"@timestamp":"2026-05-27T18:24:51.113-03:00","@version":"1","message":"HikariPool-1 - Shutdown initiated...","logger_name":"com.zaxxer.hikari.HikariDataSource","thread_name":"SpringContextShutdownHook","level":"INFO","level_value":20000}
{"@timestamp":"2026-05-27T18:24:51.116-03:00","@version":"1","message":"HikariPool-1 - Shutdown completed.","logger_name":"com.zaxxer.hikari.HikariDataSource","thread_name":"SpringContextShutdownHook","level":"INFO","level_value":20000}
{"@timestamp":"2026-05-28T12:48:36.958-03:00","@version":"1","message":"HikariPool-1 - Starting...","logger_name":"com.zaxxer.hikari.HikariDataSource","thread_name":"main","level":"INFO","level_value":20000}
{"@timestamp":"2026-05-28T12:48:37.024-03:00","@version":"1","message":"HikariPool-1 - Start completed.","logger_name":"com.zaxxer.hikari.HikariDataSource","thread_name":"main","level":"INFO","level_value":20000}
{"@timestamp":"2026-05-28T12:48:38.151-03:00","@version":"1","message":"spring.jpa.open-in-view is enabled by default. Therefore, database queries may be performed during view rendering. Explicitly configure spring.jpa.open-in-view to disable this warning","logger_name":"org.springframework.boot.autoconfigure.orm.jpa.JpaBaseConfiguration$JpaWebConfiguration","thread_name":"main","level":"WARN","level_value":30000}
{"@timestamp":"2026-05-28T12:48:38.169-03:00","@version":"1","message":"Unable to create an RSA verifier from verifierKey (ignoreable if using MAC)","logger_name":"org.springframework.security.oauth2.provider.token.store.JwtAccessTokenConverter","thread_name":"main","level":"WARN","level_value":30000}
{"@timestamp":"2026-05-28T12:53:31.607-03:00","@version":"1","message":"HikariPool-1 - Shutdown initiated...","logger_name":"com.zaxxer.hikari.HikariDataSource","thread_name":"SpringContextShutdownHook","level":"INFO","level_value":20000}
{"@timestamp":"2026-05-28T12:53:31.609-03:00","@version":"1","message":"HikariPool-1 - Shutdown completed.","logger_name":"com.zaxxer.hikari.HikariDataSource","thread_name":"SpringContextShutdownHook","level":"INFO","level_value":20000}
{"@timestamp":"2026-05-28T13:22:31.454-03:00","@version":"1","message":"HikariPool-1 - Starting...","logger_name":"com.zaxxer.hikari.HikariDataSource","thread_name":"main","level":"INFO","level_value":20000}
{"@timestamp":"2026-05-28T13:22:31.522-03:00","@version":"1","message":"HikariPool-1 - Start completed.","logger_name":"com.zaxxer.hikari.HikariDataSource","thread_name":"main","level":"INFO","level_value":20000}
{"@timestamp":"2026-05-28T13:22:32.622-03:00","@version":"1","message":"spring.jpa.open-in-view is enabled by default. Therefore, database queries may be performed during view rendering. Explicitly configure spring.jpa.open-in-view to disable this warning","logger_name":"org.springframework.boot.autoconfigure.orm.jpa.JpaBaseConfiguration$JpaWebConfiguration","thread_name":"main","level":"WARN","level_value":30000}
{"@timestamp":"2026-05-28T13:22:32.641-03:00","@version":"1","message":"Unable to create an RSA verifier from verifierKey (ignoreable if using MAC)","logger_name":"org.springframework.security.oauth2.provider.token.store.JwtAccessTokenConverter","thread_name":"main","level":"WARN","level_value":30000}
{"@timestamp":"2026-05-28T13:22:38.017-03:00","@version":"1","message":"HikariPool-1 - Shutdown initiated...","logger_name":"com.zaxxer.hikari.HikariDataSource","thread_name":"SpringContextShutdownHook","level":"INFO","level_value":20000}
{"@timestamp":"2026-05-28T13:22:38.019-03:00","@version":"1","message":"HikariPool-1 - Shutdown completed.","logger_name":"com.zaxxer.hikari.HikariDataSource","thread_name":"SpringContextShutdownHook","level":"INFO","level_value":20000}
{"@timestamp":"2026-05-28T14:44:08.318-03:00","@version":"1","message":"HikariPool-1 - Starting...","logger_name":"com.zaxxer.hikari.HikariDataSource","thread_name":"main","level":"INFO","level_value":20000}
{"@timestamp":"2026-05-28T14:44:08.391-03:00","@version":"1","message":"HikariPool-1 - Start completed.","logger_name":"com.zaxxer.hikari.HikariDataSource","thread_name":"main","level":"INFO","level_value":20000}
{"@timestamp":"2026-05-28T14:44:09.475-03:00","@version":"1","message":"spring.jpa.open-in-view is enabled by default. Therefore, database queries may be performed during view rendering. Explicitly configure spring.jpa.open-in-view to disable this warning","logger_name":"org.springframework.boot.autoconfigure.orm.jpa.JpaBaseConfiguration$JpaWebConfiguration","thread_name":"main","level":"WARN","level_value":30000}
{"@timestamp":"2026-05-28T14:44:09.493-03:00","@version":"1","message":"Unable to create an RSA verifier from verifierKey (ignoreable if using MAC)","logger_name":"org.springframework.security.oauth2.provider.token.store.JwtAccessTokenConverter","thread_name":"main","level":"WARN","level_value":30000}
{"@timestamp":"2026-05-28T14:44:28.006-03:00","@version":"1","message":"HikariPool-1 - Shutdown initiated...","logger_name":"com.zaxxer.hikari.HikariDataSource","thread_name":"SpringContextShutdownHook","level":"INFO","level_value":20000}
{"@timestamp":"2026-05-28T14:44:28.008-03:00","@version":"1","message":"HikariPool-1 - Shutdown completed.","logger_name":"com.zaxxer.hikari.HikariDataSource","thread_name":"SpringContextShutdownHook","level":"INFO","level_value":20000}
{"@timestamp":"2026-05-28T16:09:33.529-03:00","@version":"1","message":"HikariPool-1 - Starting...","logger_name":"com.zaxxer.hikari.HikariDataSource","thread_name":"main","level":"INFO","level_value":20000}
{"@timestamp":"2026-05-28T16:09:33.595-03:00","@version":"1","message":"HikariPool-1 - Start completed.","logger_name":"com.zaxxer.hikari.HikariDataSource","thread_name":"main","level":"INFO","level_value":20000}
{"@timestamp":"2026-05-28T16:09:34.720-03:00","@version":"1","message":"spring.jpa.open-in-view is enabled by default. Therefore, database queries may be performed during view rendering. Explicitly configure spring.jpa.open-in-view to disable this warning","logger_name":"org.springframework.boot.autoconfigure.orm.jpa.JpaBaseConfiguration$JpaWebConfiguration","thread_name":"main","level":"WARN","level_value":30000}
{"@timestamp":"2026-05-28T16:09:34.738-03:00","@version":"1","message":"Unable to create an RSA verifier from verifierKey (ignoreable if using MAC)","logger_name":"org.springframework.security.oauth2.provider.token.store.JwtAccessTokenConverter","thread_name":"main","level":"WARN","level_value":30000}
{"@timestamp":"2026-05-28T17:02:42.236-03:00","@version":"1","message":"HikariPool-1 - Shutdown initiated...","logger_name":"com.zaxxer.hikari.HikariDataSource","thread_name":"SpringContextShutdownHook","level":"INFO","level_value":20000}
{"@timestamp":"2026-05-28T17:02:42.238-03:00","@version":"1","message":"HikariPool-1 - Shutdown completed.","logger_name":"com.zaxxer.hikari.HikariDataSource","thread_name":"SpringContextShutdownHook","level":"INFO","level_value":20000}
